<?xml version="1.0" encoding="UTF-8"?>
<!-- Generated by org.testng.reporters.JUnitReportReporter -->
<testsuite skipped="1" hostname="DESKTOP-M7F150D" name="test_scripts.SearchProduct" tests="2" failures="0" timestamp="18 Oct 2020 07:11:10 GMT" time="0.007" errors="1">
  <testcase name="search_prdNO_tc_01" time="0.007" classname="test_scripts.SearchProduct">
    <skipped/>
  </testcase> <!-- search_prdNO_tc_01 -->
  <testcase name="openBrowser" time="0.000" classname="test_scripts.SearchProduct">
    <error type="org.openqa.selenium.WebDriverException" message="chrome not reachable
Build info: version: &#039;3.141.59&#039;, revision: &#039;e82be7d358&#039;, time: &#039;2018-11-14T08:25:53&#039;
System info: host: &#039;DESKTOP-M7F150D&#039;, ip: &#039;192.168.43.36&#039;, os.name: &#039;Windows 10&#039;, os.arch: &#039;amd64&#039;, os.version: &#039;10.0&#039;, java.version: &#039;1.8.0_241&#039;
Driver info: driver.version: ChromeDriver
remote stacktrace: Backtrace:
	Ordinal0 [0x008DD383+3134339]
	Ordinal0 [0x007CA171+2007409]
	Ordinal0 [0x0066AD90+568720]
	Ordinal0 [0x00661294+529044]
	Ordinal0 [0x005F0F78+69496]
	Ordinal0 [0x005ECC63+52323]
	Ordinal0 [0x00610DFC+200188]
	Ordinal0 [0x00610C1D+199709]
	Ordinal0 [0x0060EB0B+191243]
	Ordinal0 [0x005F2E77+77431]
	Ordinal0 [0x005F3E3E+81470]
	Ordinal0 [0x005F3DC9+81353]
	Ordinal0 [0x007E0CD9+2100441]
	GetHandleVerifier [0x00A4B75A+1396954]
	GetHandleVerifier [0x00A4B3D9+1396057]
	GetHandleVerifier [0x00A57126+1444518]
	GetHandleVerifier [0x00A4BCE8+1398376]
	Ordinal0 [0x007D7F51+2064209]
	Ordinal0 [0x007E22EB+2106091]
	Ordinal0 [0x007E2411+2106385]
	Ordinal0 [0x007F49C4+2181572]
	BaseThreadInitThunk [0x7585FA29+25]
	RtlGetAppContainerNamedObjectPath [0x772675F4+228]
	RtlGetAppContainerNamedObjectPath [0x772675C4+180]
">
      <![CDATA[org.openqa.selenium.WebDriverException: chrome not reachable
Build info: version: '3.141.59', revision: 'e82be7d358', time: '2018-11-14T08:25:53'
System info: host: 'DESKTOP-M7F150D', ip: '192.168.43.36', os.name: 'Windows 10', os.arch: 'amd64', os.version: '10.0', java.version: '1.8.0_241'
Driver info: driver.version: ChromeDriver
remote stacktrace: Backtrace:
	Ordinal0 [0x008DD383+3134339]
	Ordinal0 [0x007CA171+2007409]
	Ordinal0 [0x0066AD90+568720]
	Ordinal0 [0x00661294+529044]
	Ordinal0 [0x005F0F78+69496]
	Ordinal0 [0x005ECC63+52323]
	Ordinal0 [0x00610DFC+200188]
	Ordinal0 [0x00610C1D+199709]
	Ordinal0 [0x0060EB0B+191243]
	Ordinal0 [0x005F2E77+77431]
	Ordinal0 [0x005F3E3E+81470]
	Ordinal0 [0x005F3DC9+81353]
	Ordinal0 [0x007E0CD9+2100441]
	GetHandleVerifier [0x00A4B75A+1396954]
	GetHandleVerifier [0x00A4B3D9+1396057]
	GetHandleVerifier [0x00A57126+1444518]
	GetHandleVerifier [0x00A4BCE8+1398376]
	Ordinal0 [0x007D7F51+2064209]
	Ordinal0 [0x007E22EB+2106091]
	Ordinal0 [0x007E2411+2106385]
	Ordinal0 [0x007F49C4+2181572]
	BaseThreadInitThunk [0x7585FA29+25]
	RtlGetAppContainerNamedObjectPath [0x772675F4+228]
	RtlGetAppContainerNamedObjectPath [0x772675C4+180]

	at sun.reflect.NativeConstructorAccessorImpl.newInstance0(Native Method)
	at sun.reflect.NativeConstructorAccessorImpl.newInstance(Unknown Source)
	at sun.reflect.DelegatingConstructorAccessorImpl.newInstance(Unknown Source)
	at java.lang.reflect.Constructor.newInstance(Unknown Source)
	at org.openqa.selenium.remote.W3CHandshakeResponse.lambda$errorHandler$0(W3CHandshakeResponse.java:62)
	at org.openqa.selenium.remote.HandshakeResponse.lambda$getResponseFunction$0(HandshakeResponse.java:30)
	at org.openqa.selenium.remote.ProtocolHandshake.lambda$createSession$0(ProtocolHandshake.java:126)
	at java.util.stream.ReferencePipeline$3$1.accept(Unknown Source)
	at java.util.Spliterators$ArraySpliterator.tryAdvance(Unknown Source)
	at java.util.stream.ReferencePipeline.forEachWithCancel(Unknown Source)
	at java.util.stream.AbstractPipeline.copyIntoWithCancel(Unknown Source)
	at java.util.stream.AbstractPipeline.copyInto(Unknown Source)
	at java.util.stream.AbstractPipeline.wrapAndCopyInto(Unknown Source)
	at java.util.stream.FindOps$FindOp.evaluateSequential(Unknown Source)
	at java.util.stream.AbstractPipeline.evaluate(Unknown Source)
	at java.util.stream.ReferencePipeline.findFirst(Unknown Source)
	at org.openqa.selenium.remote.ProtocolHandshake.createSession(ProtocolHandshake.java:128)
	at org.openqa.selenium.remote.ProtocolHandshake.createSession(ProtocolHandshake.java:74)
	at org.openqa.selenium.remote.HttpCommandExecutor.execute(HttpCommandExecutor.java:136)
	at org.openqa.selenium.remote.service.DriverCommandExecutor.execute(DriverCommandExecutor.java:83)
	at org.openqa.selenium.remote.RemoteWebDriver.execute(RemoteWebDriver.java:552)
	at org.openqa.selenium.remote.RemoteWebDriver.startSession(RemoteWebDriver.java:213)
	at org.openqa.selenium.remote.RemoteWebDriver.<init>(RemoteWebDriver.java:131)
	at org.openqa.selenium.chrome.ChromeDriver.<init>(ChromeDriver.java:181)
	at org.openqa.selenium.chrome.ChromeDriver.<init>(ChromeDriver.java:168)
	at org.openqa.selenium.chrome.ChromeDriver.<init>(ChromeDriver.java:123)
	at generic.Base_Class.openBrowser(Base_Class.java:29)
	at sun.reflect.NativeMethodAccessorImpl.invoke0(Native Method)
	at sun.reflect.NativeMethodAccessorImpl.invoke(Unknown Source)
	at sun.reflect.DelegatingMethodAccessorImpl.invoke(Unknown Source)
	at java.lang.reflect.Method.invoke(Unknown Source)
	at org.testng.internal.MethodInvocationHelper.invokeMethod(MethodInvocationHelper.java:100)
	at org.testng.internal.Invoker.invokeConfigurationMethod(Invoker.java:515)
	at org.testng.internal.Invoker.invokeConfigurations(Invoker.java:216)
	at org.testng.internal.Invoker.invokeConfigurations(Invoker.java:143)
	at org.testng.internal.TestMethodWorker.invokeBeforeClassMethods(TestMethodWorker.java:169)
	at org.testng.internal.TestMethodWorker.run(TestMethodWorker.java:108)
	at org.testng.TestRunner.privateRun(TestRunner.java:753)
	at org.testng.TestRunner.run(TestRunner.java:607)
	at org.testng.SuiteRunner.runTest(SuiteRunner.java:368)
	at org.testng.SuiteRunner.runSequentially(SuiteRunner.java:363)
	at org.testng.SuiteRunner.privateRun(SuiteRunner.java:321)
	at org.testng.SuiteRunner.run(SuiteRunner.java:270)
	at org.testng.SuiteRunnerWorker.runSuite(SuiteRunnerWorker.java:52)
	at org.testng.SuiteRunnerWorker.run(SuiteRunnerWorker.java:86)
	at org.testng.TestNG.runSuitesSequentially(TestNG.java:1284)
	at org.testng.TestNG.runSuitesLocally(TestNG.java:1209)
	at org.testng.TestNG.runSuites(TestNG.java:1124)
	at org.testng.TestNG.run(TestNG.java:1096)
	at org.testng.remote.AbstractRemoteTestNG.run(AbstractRemoteTestNG.java:132)
	at org.testng.remote.RemoteTestNG.initAndRun(RemoteTestNG.java:236)
	at org.testng.remote.RemoteTestNG.main(RemoteTestNG.java:81)
]]>
    </error>
  </testcase> <!-- openBrowser -->
</testsuite> <!-- test_scripts.SearchProduct -->
